
@login
Scenario Outline: Login test with different credentials "Invalid PageName" # src/test/java/com/nahmed/features/login.feature:15
  Given User is on the application login page                              # com.nahmed.stepdefinitions.LoginSteps.userIsOnTheApplicationLoginPage()
  When User enters email "demo.testfire@gmail.com" and password "Demo@123" # com.nahmed.stepdefinitions.LoginSteps.userEntersEmailAndPassword(java.lang.String,java.lang.String)
  And User click on the login button                                       # com.nahmed.stepdefinitions.LoginSteps.userClickOnTheLoginButton()
  Then User should be navigated to the homepage "Invalid Page Name"        # com.nahmed.stepdefinitions.HomeSteps.userShouldBeNavigatedToTheHomepage(java.lang.String)
      java.lang.AssertionError: Verify Page Name of Home Page Expected: Invalid Page Name, Actual: Automation Practice
      	at com.nahmed.utils.AssertionService.assertEquals(AssertionService.java:7)
      	at com.nahmed.stepdefinitions.HomeSteps.userShouldBeNavigatedToTheHomepage(HomeSteps.java:20)
      	at âœ½.User should be navigated to the homepage "Invalid Page Name"(file:///C:/Users/iamni/IdeaProjects/Web-BDD-Framework/src/test/java/com/nahmed/features/login.feature:11)
java.lang.NullPointerException: Cannot invoke "org.openqa.selenium.TakesScreenshot.getScreenshotAs(org.openqa.selenium.OutputType)" because the return value of "com.nahmed.driver.DriverManager.getDriver()" is null
	at com.nahmed.utils.ScreenshotUtils.getBase64Image(ScreenshotUtils.java:14)
	at com.nahmed.reports.ExtentLogger.fail(ExtentLogger.java:40)
	at com.nahmed.listeners.TestListener.handleTestCaseFinished(TestListener.java:154)
	at io.cucumber.core.eventbus.AbstractEventPublisher.send(AbstractEventPublisher.java:51)
	at io.cucumber.core.eventbus.AbstractEventBus.send(AbstractEventBus.java:12)
	at io.cucumber.core.runtime.SynchronizedEventBus.send(SynchronizedEventBus.java:47)
	at io.cucumber.core.runtime.ThreadLocalRunnerSupplier$LocalEventBus.send(ThreadLocalRunnerSupplier.java:62)
	at io.cucumber.core.runner.TestCase.emitTestCaseFinished(TestCase.java:226)
	at io.cucumber.core.runner.TestCase.run(TestCase.java:100)
	at io.cucumber.core.runner.Runner.runPickle(Runner.java:77)
	at io.cucumber.testng.TestNGCucumberRunner.lambda$runScenario$1(TestNGCucumberRunner.java:135)
	at io.cucumber.core.runtime.CucumberExecutionContext.lambda$runTestCase$5(CucumberExecutionContext.java:136)
	at io.cucumber.core.runtime.RethrowingThrowableCollector.executeAndThrow(RethrowingThrowableCollector.java:23)
	at io.cucumber.core.runtime.CucumberExecutionContext.runTestCase(CucumberExecutionContext.java:136)
	at io.cucumber.testng.TestNGCucumberRunner.runScenario(TestNGCucumberRunner.java:132)
	at io.cucumber.testng.AbstractTestNGCucumberTests.runScenario(AbstractTestNGCucumberTests.java:35)
	at java.base/jdk.internal.reflect.NativeMethodAccessorImpl.invoke0(Native Method)
	at java.base/jdk.internal.reflect.NativeMethodAccessorImpl.invoke(NativeMethodAccessorImpl.java:77)
	at java.base/jdk.internal.reflect.DelegatingMethodAccessorImpl.invoke(DelegatingMethodAccessorImpl.java:43)
	at java.base/java.lang.reflect.Method.invoke(Method.java:568)
	at org.testng.internal.invokers.MethodInvocationHelper.invokeMethod(MethodInvocationHelper.java:141)
	at org.testng.internal.invokers.TestInvoker.invokeMethod(TestInvoker.java:687)
	at org.testng.internal.invokers.TestInvoker.invokeTestMethod(TestInvoker.java:230)
	at org.testng.internal.invokers.MethodRunner.runInSequence(MethodRunner.java:63)
	at org.testng.internal.invokers.TestInvoker$MethodInvocationAgent.invoke(TestInvoker.java:995)
	at org.testng.internal.invokers.TestInvoker.invokeTestMethods(TestInvoker.java:203)
	at org.testng.internal.invokers.TestMethodWorker.invokeTestMethods(TestMethodWorker.java:154)
	at org.testng.internal.invokers.TestMethodWorker.run(TestMethodWorker.java:134)
	at java.base/java.util.ArrayList.forEach(ArrayList.java:1511)
	at org.testng.TestRunner.privateRun(TestRunner.java:741)
	at org.testng.TestRunner.run(TestRunner.java:616)
	at org.testng.SuiteRunner.runTest(SuiteRunner.java:421)
	at org.testng.SuiteRunner.runSequentially(SuiteRunner.java:413)
	at org.testng.SuiteRunner.privateRun(SuiteRunner.java:373)
	at org.testng.SuiteRunner.run(SuiteRunner.java:312)
	at org.testng.SuiteRunnerWorker.runSuite(SuiteRunnerWorker.java:52)
	at org.testng.SuiteRunnerWorker.run(SuiteRunnerWorker.java:95)
	at org.testng.TestNG.runSuitesSequentially(TestNG.java:1274)
	at org.testng.TestNG.runSuitesLocally(TestNG.java:1208)
	at org.testng.TestNG.runSuites(TestNG.java:1112)
	at org.testng.TestNG.run(TestNG.java:1079)
	at com.intellij.rt.testng.IDEARemoteTestNG.run(IDEARemoteTestNG.java:65)
	at com.intellij.rt.testng.RemoteTestNGStarter.main(RemoteTestNGStarter.java:105)
