[{"line":1,"elements":[{"start_timestamp":"2025-05-31T19:28:42.366Z","before":[{"result":{"duration":1475499200,"status":"passed"},"match":{"location":"com.nahmed.events.Hooks.setUp(io.cucumber.java.Scenario)"}}],"line":15,"name":"Login test with different credentials \"Invalid PageName\"","description":"","id":"application-login;login-test-with-different-credentials-\"<description>\";;2","after":[{"result":{"duration":167310000,"status":"passed"},"match":{"location":"com.nahmed.events.Hooks.tearDown(io.cucumber.java.Scenario)"}}],"type":"scenario","keyword":"Scenario Outline","steps":[{"result":{"duration":5118945800,"status":"passed"},"line":8,"name":"User is on the application login page","match":{"location":"com.nahmed.stepdefinitions.LoginSteps.userIsOnTheApplicationLoginPage()"},"keyword":"Given "},{"result":{"duration":217871600,"status":"passed"},"line":9,"name":"User enters email \"demo.testfire@gmail.com\" and password \"Demo@123\"","match":{"arguments":[{"val":"\"demo.testfire@gmail.com\"","offset":18},{"val":"\"Demo@123\"","offset":57}],"location":"com.nahmed.stepdefinitions.LoginSteps.userEntersEmailAndPassword(java.lang.String,java.lang.String)"},"keyword":"When "},{"result":{"duration":120912700,"status":"passed"},"line":10,"name":"User click on the login button","match":{"location":"com.nahmed.stepdefinitions.LoginSteps.userClickOnTheLoginButton()"},"keyword":"And "},{"result":{"error_message":"java.lang.AssertionError: Verify Page Name of Home Page Expected: Invalid Page Name, Actual: Automation Practice\r\n\tat com.nahmed.utils.AssertionService.assertEquals(AssertionService.java:7)\r\n\tat com.nahmed.stepdefinitions.HomeSteps.userShouldBeNavigatedToTheHomepage(HomeSteps.java:20)\r\n\tat âœ½.User should be navigated to the homepage \"Invalid Page Name\"(file:///C:/Users/iamni/IdeaProjects/Web-BDD-Framework/src/test/java/com/nahmed/features/login.feature:11)\r\n","duration":281150600,"status":"failed"},"line":11,"name":"User should be navigated to the homepage \"Invalid Page Name\"","match":{"arguments":[{"val":"\"Invalid Page Name\"","offset":41}],"location":"com.nahmed.stepdefinitions.HomeSteps.userShouldBeNavigatedToTheHomepage(java.lang.String)"},"keyword":"Then "}],"tags":[{"name":"@login"}]}],"name":"Application Login","description":"  As a registered user\n  I want to log in to the application\n  So I can access my personalized content","id":"application-login","keyword":"Feature","uri":"file:src/test/java/com/nahmed/features/login.feature","tags":[]},{"line":1,"elements":[{"start_timestamp":"2025-05-31T19:28:50.078Z","line":2,"name":"Failure while executing Cucumber","description":"","id":"failure;failure-while-executing-cucumber","type":"scenario","keyword":"Scenario","steps":[{"result":{"duration":0,"status":"passed"},"line":3,"name":"Cucumber failed while executing","match":{"arguments":[],"location":"io.cucumber.core.Failure.failure_while_executing_cucumber()"},"keyword":"When "},{"result":{"duration":0,"error_message":"java.lang.NullPointerException: Cannot invoke \"org.openqa.selenium.TakesScreenshot.getScreenshotAs(org.openqa.selenium.OutputType)\" because the return value of \"com.nahmed.driver.DriverManager.getDriver()\" is null\r\n\tat com.nahmed.utils.ScreenshotUtils.getBase64Image(ScreenshotUtils.java:14)\r\n\tat com.nahmed.reports.ExtentLogger.fail(ExtentLogger.java:40)\r\n\tat com.nahmed.listeners.TestListener.handleTestCaseFinished(TestListener.java:154)\r\n\tat io.cucumber.core.eventbus.AbstractEventPublisher.send(AbstractEventPublisher.java:51)\r\n\tat io.cucumber.core.eventbus.AbstractEventBus.send(AbstractEventBus.java:12)\r\n\tat io.cucumber.core.runtime.SynchronizedEventBus.send(SynchronizedEventBus.java:47)\r\n\tat io.cucumber.core.runtime.ThreadLocalRunnerSupplier$LocalEventBus.send(ThreadLocalRunnerSupplier.java:62)\r\n\tat io.cucumber.core.runner.TestCase.emitTestCaseFinished(TestCase.java:226)\r\n\tat io.cucumber.core.runner.TestCase.run(TestCase.java:100)\r\n\tat io.cucumber.core.runner.Runner.runPickle(Runner.java:77)\r\n\tat io.cucumber.testng.TestNGCucumberRunner.lambda$runScenario$1(TestNGCucumberRunner.java:135)\r\n\tat io.cucumber.core.runtime.CucumberExecutionContext.lambda$runTestCase$5(CucumberExecutionContext.java:136)\r\n\tat io.cucumber.core.runtime.RethrowingThrowableCollector.executeAndThrow(RethrowingThrowableCollector.java:23)\r\n\tat io.cucumber.core.runtime.CucumberExecutionContext.runTestCase(CucumberExecutionContext.java:136)\r\n\tat io.cucumber.testng.TestNGCucumberRunner.runScenario(TestNGCucumberRunner.java:132)\r\n\tat io.cucumber.testng.AbstractTestNGCucumberTests.runScenario(AbstractTestNGCucumberTests.java:35)\r\n\tat java.base/jdk.internal.reflect.NativeMethodAccessorImpl.invoke0(Native Method)\r\n\tat java.base/jdk.internal.reflect.NativeMethodAccessorImpl.invoke(NativeMethodAccessorImpl.java:77)\r\n\tat java.base/jdk.internal.reflect.DelegatingMethodAccessorImpl.invoke(DelegatingMethodAccessorImpl.java:43)\r\n\tat java.base/java.lang.reflect.Method.invoke(Method.java:568)\r\n\tat org.testng.internal.invokers.MethodInvocationHelper.invokeMethod(MethodInvocationHelper.java:141)\r\n\tat org.testng.internal.invokers.TestInvoker.invokeMethod(TestInvoker.java:687)\r\n\tat org.testng.internal.invokers.TestInvoker.invokeTestMethod(TestInvoker.java:230)\r\n\tat org.testng.internal.invokers.MethodRunner.runInSequence(MethodRunner.java:63)\r\n\tat org.testng.internal.invokers.TestInvoker$MethodInvocationAgent.invoke(TestInvoker.java:995)\r\n\tat org.testng.internal.invokers.TestInvoker.invokeTestMethods(TestInvoker.java:203)\r\n\tat org.testng.internal.invokers.TestMethodWorker.invokeTestMethods(TestMethodWorker.java:154)\r\n\tat org.testng.internal.invokers.TestMethodWorker.run(TestMethodWorker.java:134)\r\n\tat java.base/java.util.ArrayList.forEach(ArrayList.java:1511)\r\n\tat org.testng.TestRunner.privateRun(TestRunner.java:741)\r\n\tat org.testng.TestRunner.run(TestRunner.java:616)\r\n\tat org.testng.SuiteRunner.runTest(SuiteRunner.java:421)\r\n\tat org.testng.SuiteRunner.runSequentially(SuiteRunner.java:413)\r\n\tat org.testng.SuiteRunner.privateRun(SuiteRunner.java:373)\r\n\tat org.testng.SuiteRunner.run(SuiteRunner.java:312)\r\n\tat org.testng.SuiteRunnerWorker.runSuite(SuiteRunnerWorker.java:52)\r\n\tat org.testng.SuiteRunnerWorker.run(SuiteRunnerWorker.java:95)\r\n\tat org.testng.TestNG.runSuitesSequentially(TestNG.java:1274)\r\n\tat org.testng.TestNG.runSuitesLocally(TestNG.java:1208)\r\n\tat org.testng.TestNG.runSuites(TestNG.java:1112)\r\n\tat org.testng.TestNG.run(TestNG.java:1079)\r\n\tat com.intellij.rt.testng.IDEARemoteTestNG.run(IDEARemoteTestNG.java:65)\r\n\tat com.intellij.rt.testng.RemoteTestNGStarter.main(RemoteTestNGStarter.java:105)\r\n","status":"failed"},"line":4,"name":"Cucumber will report this error:","match":{"arguments":[],"location":"io.cucumber.core.Failure.cucumber_reports_this_error()"},"keyword":"Then "}]}],"name":"Test run failed","description":"There were errors during the execution","id":"failure","keyword":"Feature","uri":"classpath:io/cucumber/core/failure.feature","tags":[]}]